ene 21, 2016 10:09:18 AM org.apache.catalina.startup.VersionLoggerListener log
INFORMACIÓN: Server version:        Apache Tomcat/7.0.67
ene 21, 2016 10:09:18 AM org.apache.catalina.startup.VersionLoggerListener log
INFORMACIÓN: Server built:          Dec 7 2015 13:07:11 UTC
ene 21, 2016 10:09:18 AM org.apache.catalina.startup.VersionLoggerListener log
INFORMACIÓN: Server number:         7.0.67.0
ene 21, 2016 10:09:18 AM org.apache.catalina.startup.VersionLoggerListener log
INFORMACIÓN: OS Name:               Mac OS X
ene 21, 2016 10:09:18 AM org.apache.catalina.startup.VersionLoggerListener log
INFORMACIÓN: OS Version:            10.11
ene 21, 2016 10:09:18 AM org.apache.catalina.startup.VersionLoggerListener log
INFORMACIÓN: Architecture:          x86_64
ene 21, 2016 10:09:18 AM org.apache.catalina.startup.VersionLoggerListener log
INFORMACIÓN: Java Home:             /Library/Java/JavaVirtualMachines/jdk1.8.0_66.jdk/Contents/Home/jre
ene 21, 2016 10:09:18 AM org.apache.catalina.startup.VersionLoggerListener log
INFORMACIÓN: JVM Version:           1.8.0_66-b17
ene 21, 2016 10:09:18 AM org.apache.catalina.startup.VersionLoggerListener log
INFORMACIÓN: JVM Vendor:            Oracle Corporation
ene 21, 2016 10:09:18 AM org.apache.catalina.startup.VersionLoggerListener log
INFORMACIÓN: CATALINA_BASE:         /Users/ivan/Documents/netbeans/apache-tomcat-7.0.67
ene 21, 2016 10:09:18 AM org.apache.catalina.startup.VersionLoggerListener log
INFORMACIÓN: CATALINA_HOME:         /Users/ivan/Documents/netbeans/apache-tomcat-7.0.67
ene 21, 2016 10:09:18 AM org.apache.catalina.startup.VersionLoggerListener log
INFORMACIÓN: Command line argument: -Djava.util.logging.config.file=/Users/ivan/Documents/netbeans/apache-tomcat-7.0.67/conf/logging.properties
ene 21, 2016 10:09:18 AM org.apache.catalina.startup.VersionLoggerListener log
INFORMACIÓN: Command line argument: -Djava.util.logging.manager=org.apache.juli.ClassLoaderLogManager
ene 21, 2016 10:09:18 AM org.apache.catalina.startup.VersionLoggerListener log
INFORMACIÓN: Command line argument: -Dhttp.nonProxyHosts=localhost|127.0.0.1|MacBook-Air-de-ivan.local
ene 21, 2016 10:09:18 AM org.apache.catalina.startup.VersionLoggerListener log
INFORMACIÓN: Command line argument: -Djava.endorsed.dirs=/Users/ivan/Documents/netbeans/apache-tomcat-7.0.67/endorsed
ene 21, 2016 10:09:18 AM org.apache.catalina.startup.VersionLoggerListener log
INFORMACIÓN: Command line argument: -Dcatalina.base=/Users/ivan/Documents/netbeans/apache-tomcat-7.0.67
ene 21, 2016 10:09:18 AM org.apache.catalina.startup.VersionLoggerListener log
INFORMACIÓN: Command line argument: -Dcatalina.home=/Users/ivan/Documents/netbeans/apache-tomcat-7.0.67
ene 21, 2016 10:09:18 AM org.apache.catalina.startup.VersionLoggerListener log
INFORMACIÓN: Command line argument: -Djava.io.tmpdir=/Users/ivan/Documents/netbeans/apache-tomcat-7.0.67/temp
ene 21, 2016 10:09:18 AM org.apache.catalina.core.AprLifecycleListener lifecycleEvent
INFORMACIÓN: La biblioteca nativa de Apache Tomcat basada en ARP que permite un rendimiento óptimo en entornos de desarrollo no ha sido hallada en java.library.path: /Users/ivan/Library/Java/Extensions:/Library/Java/Extensions:/Network/Library/Java/Extensions:/System/Library/Java/Extensions:/usr/lib/java:.
ene 21, 2016 10:09:19 AM org.apache.coyote.AbstractProtocol init
INFORMACIÓN: Initializing ProtocolHandler ["http-bio-8080"]
ene 21, 2016 10:09:19 AM org.apache.coyote.AbstractProtocol init
INFORMACIÓN: Initializing ProtocolHandler ["ajp-bio-8009"]
ene 21, 2016 10:09:19 AM org.apache.catalina.startup.Catalina load
INFORMACIÓN: Initialization processed in 1610 ms
ene 21, 2016 10:09:19 AM org.apache.catalina.core.StandardService startInternal
INFORMACIÓN: Arrancando servicio Catalina
ene 21, 2016 10:09:19 AM org.apache.catalina.core.StandardEngine startInternal
INFORMACIÓN: Starting Servlet Engine: Apache Tomcat/7.0.67
ene 21, 2016 10:09:19 AM org.apache.catalina.startup.HostConfig deployDirectory
INFORMACIÓN: Despliegue del directorio /Users/ivan/Documents/netbeans/apache-tomcat-7.0.67/webapps/docs de la aplicación web
ene 21, 2016 10:09:19 AM org.apache.catalina.startup.HostConfig deployDirectory
INFORMACIÓN: Deployment of web application directory /Users/ivan/Documents/netbeans/apache-tomcat-7.0.67/webapps/docs has finished in 483 ms
ene 21, 2016 10:09:19 AM org.apache.catalina.startup.HostConfig deployDirectory
INFORMACIÓN: Despliegue del directorio /Users/ivan/Documents/netbeans/apache-tomcat-7.0.67/webapps/examples de la aplicación web
ene 21, 2016 10:09:20 AM org.apache.catalina.startup.HostConfig deployDirectory
INFORMACIÓN: Deployment of web application directory /Users/ivan/Documents/netbeans/apache-tomcat-7.0.67/webapps/examples has finished in 486 ms
ene 21, 2016 10:09:20 AM org.apache.catalina.startup.HostConfig deployDirectory
INFORMACIÓN: Despliegue del directorio /Users/ivan/Documents/netbeans/apache-tomcat-7.0.67/webapps/host-manager de la aplicación web
ene 21, 2016 10:09:20 AM org.apache.catalina.startup.HostConfig deployDirectory
INFORMACIÓN: Deployment of web application directory /Users/ivan/Documents/netbeans/apache-tomcat-7.0.67/webapps/host-manager has finished in 77 ms
ene 21, 2016 10:09:20 AM org.apache.catalina.startup.HostConfig deployDirectory
INFORMACIÓN: Despliegue del directorio /Users/ivan/Documents/netbeans/apache-tomcat-7.0.67/webapps/manager de la aplicación web
ene 21, 2016 10:09:20 AM org.apache.catalina.startup.HostConfig deployDirectory
INFORMACIÓN: Deployment of web application directory /Users/ivan/Documents/netbeans/apache-tomcat-7.0.67/webapps/manager has finished in 105 ms
ene 21, 2016 10:09:20 AM org.apache.catalina.startup.HostConfig deployDirectory
INFORMACIÓN: Despliegue del directorio /Users/ivan/Documents/netbeans/apache-tomcat-7.0.67/webapps/ROOT de la aplicación web
ene 21, 2016 10:09:20 AM org.apache.catalina.startup.HostConfig deployDirectory
INFORMACIÓN: Deployment of web application directory /Users/ivan/Documents/netbeans/apache-tomcat-7.0.67/webapps/ROOT has finished in 96 ms
ene 21, 2016 10:09:20 AM org.apache.coyote.AbstractProtocol start
INFORMACIÓN: Starting ProtocolHandler ["http-bio-8080"]
ene 21, 2016 10:09:20 AM org.apache.coyote.AbstractProtocol start
INFORMACIÓN: Starting ProtocolHandler ["ajp-bio-8009"]
ene 21, 2016 10:09:20 AM org.apache.catalina.startup.Catalina start
INFORMACIÓN: Server startup in 1357 ms
ene 21, 2016 10:09:21 AM org.apache.catalina.startup.HostConfig deployDescriptor
INFORMACIÓN: Desplieque del descriptor de configuración /Users/ivan/Documents/netbeans/apache-tomcat-7.0.67/conf/Catalina/localhost/es.aulamentor.xml
ene 21, 2016 10:09:21 AM org.apache.catalina.startup.HostConfig deployDescriptor
INFORMACIÓN: Deployment of configuration descriptor /Users/ivan/Documents/netbeans/apache-tomcat-7.0.67/conf/Catalina/localhost/es.aulamentor.xml has finished in 113 ms
ene 21, 2016 10:09:21 AM org.apache.catalina.util.LifecycleBase start
INFORMACIÓN: The start() method was called on component [StandardEngine[Catalina].StandardHost[localhost].StandardContext[/es.aulamentor]] after start() had already been called. The second call will be ignored.
ene 21, 2016 10:10:18 AM org.apache.catalina.core.StandardContext reload
INFORMACIÓN: Ha comenzado la recarga de Contexto [/es.aulamentor]
ene 21, 2016 10:10:18 AM org.apache.catalina.core.StandardContext reload
INFORMACIÓN: Se ha completado la recarga de este Contexto
ene 21, 2016 10:10:53 AM org.apache.catalina.core.StandardContext reload
INFORMACIÓN: Ha comenzado la recarga de Contexto [/es.aulamentor]
ene 21, 2016 10:10:53 AM org.apache.catalina.core.StandardContext reload
INFORMACIÓN: Se ha completado la recarga de este Contexto
ene 21, 2016 10:11:03 AM org.apache.catalina.core.StandardContext reload
INFORMACIÓN: Ha comenzado la recarga de Contexto [/es.aulamentor]
ene 21, 2016 10:11:03 AM org.apache.catalina.core.StandardContext reload
INFORMACIÓN: Se ha completado la recarga de este Contexto
ene 21, 2016 10:11:25 AM org.apache.catalina.core.StandardContext reload
INFORMACIÓN: Ha comenzado la recarga de Contexto [/es.aulamentor]
ene 21, 2016 10:11:25 AM org.apache.catalina.core.StandardContext reload
INFORMACIÓN: Se ha completado la recarga de este Contexto
ene 21, 2016 10:11:51 AM org.apache.catalina.core.StandardContext reload
INFORMACIÓN: Ha comenzado la recarga de Contexto [/es.aulamentor]
ene 21, 2016 10:11:51 AM org.apache.catalina.core.StandardContext reload
INFORMACIÓN: Se ha completado la recarga de este Contexto
ene 21, 2016 10:21:18 AM org.apache.catalina.core.StandardContext reload
INFORMACIÓN: Ha comenzado la recarga de Contexto [/es.aulamentor]
ene 21, 2016 10:21:18 AM org.apache.catalina.core.StandardContext reload
INFORMACIÓN: Se ha completado la recarga de este Contexto
ene 21, 2016 10:21:21 AM org.apache.catalina.startup.HostConfig reload
INFORMACIÓN: Falló la recarga del contexto [/es.aulamentor]
ene 21, 2016 10:21:21 AM org.apache.catalina.core.StandardContext reload
INFORMACIÓN: Ha comenzado la recarga de Contexto [/es.aulamentor]
ene 21, 2016 10:21:21 AM org.apache.catalina.core.StandardContext reload
INFORMACIÓN: Se ha completado la recarga de este Contexto
ene 21, 2016 10:23:40 AM org.apache.catalina.core.StandardContext reload
INFORMACIÓN: Ha comenzado la recarga de Contexto [/es.aulamentor]
ene 21, 2016 10:23:40 AM org.apache.catalina.core.StandardContext reload
INFORMACIÓN: Se ha completado la recarga de este Contexto
ene 21, 2016 10:30:00 AM org.apache.catalina.core.StandardContext reload
INFORMACIÓN: Ha comenzado la recarga de Contexto [/es.aulamentor]
ene 21, 2016 10:30:00 AM org.apache.catalina.core.StandardContext reload
INFORMACIÓN: Se ha completado la recarga de este Contexto
ene 21, 2016 10:30:24 AM org.apache.catalina.core.StandardContext reload
INFORMACIÓN: Ha comenzado la recarga de Contexto [/es.aulamentor]
ene 21, 2016 10:30:24 AM org.apache.catalina.core.StandardContext reload
INFORMACIÓN: Se ha completado la recarga de este Contexto
ene 21, 2016 10:31:11 AM org.apache.catalina.core.StandardContext reload
INFORMACIÓN: Ha comenzado la recarga de Contexto [/es.aulamentor]
ene 21, 2016 10:31:12 AM org.apache.catalina.core.StandardContext reload
INFORMACIÓN: Se ha completado la recarga de este Contexto
ene 21, 2016 10:31:15 AM org.apache.catalina.core.StandardContext reload
INFORMACIÓN: Ha comenzado la recarga de Contexto [/es.aulamentor]
ene 21, 2016 10:31:15 AM org.apache.catalina.core.StandardContext reload
INFORMACIÓN: Se ha completado la recarga de este Contexto
ene 21, 2016 10:37:09 AM org.apache.catalina.core.StandardContext reload
INFORMACIÓN: Ha comenzado la recarga de Contexto [/es.aulamentor]
ene 21, 2016 10:37:09 AM org.apache.catalina.core.StandardContext reload
INFORMACIÓN: Se ha completado la recarga de este Contexto
ene 21, 2016 10:37:27 AM org.apache.catalina.core.StandardContext reload
INFORMACIÓN: Ha comenzado la recarga de Contexto [/es.aulamentor]
ene 21, 2016 10:37:27 AM org.apache.catalina.core.StandardContext reload
INFORMACIÓN: Se ha completado la recarga de este Contexto
ene 21, 2016 10:38:55 AM org.apache.catalina.core.StandardContext reload
INFORMACIÓN: Ha comenzado la recarga de Contexto [/es.aulamentor]
ene 21, 2016 10:38:55 AM org.apache.catalina.core.StandardContext reload
INFORMACIÓN: Se ha completado la recarga de este Contexto
ene 21, 2016 10:53:23 AM org.apache.catalina.core.StandardContext reload
INFORMACIÓN: Ha comenzado la recarga de Contexto [/es.aulamentor]
ene 21, 2016 10:53:23 AM org.apache.catalina.core.StandardContext reload
INFORMACIÓN: Se ha completado la recarga de este Contexto
ene 21, 2016 10:54:21 AM org.apache.catalina.core.StandardContext reload
INFORMACIÓN: Ha comenzado la recarga de Contexto [/es.aulamentor]
ene 21, 2016 10:54:21 AM org.apache.catalina.core.StandardContext reload
INFORMACIÓN: Se ha completado la recarga de este Contexto
ene 21, 2016 12:35:19 PM org.apache.catalina.startup.HostConfig reload
INFORMACIÓN: Falló la recarga del contexto [/es.aulamentor]
ene 21, 2016 12:35:19 PM org.apache.catalina.core.StandardContext reload
INFORMACIÓN: Ha comenzado la recarga de Contexto [/es.aulamentor]
ene 21, 2016 12:35:19 PM org.apache.catalina.core.StandardContext reload
INFORMACIÓN: Se ha completado la recarga de este Contexto
ene 21, 2016 12:37:49 PM org.apache.catalina.startup.HostConfig reload
INFORMACIÓN: Falló la recarga del contexto [/es.aulamentor]
ene 21, 2016 12:37:49 PM org.apache.catalina.core.StandardContext reload
INFORMACIÓN: Ha comenzado la recarga de Contexto [/es.aulamentor]
ene 21, 2016 12:37:49 PM org.apache.catalina.core.StandardContext reload
INFORMACIÓN: Se ha completado la recarga de este Contexto
ene 21, 2016 12:44:49 PM org.apache.catalina.startup.HostConfig reload
INFORMACIÓN: Falló la recarga del contexto [/es.aulamentor]
ene 21, 2016 12:44:49 PM org.apache.catalina.core.StandardContext reload
INFORMACIÓN: Ha comenzado la recarga de Contexto [/es.aulamentor]
ene 21, 2016 12:44:49 PM org.apache.catalina.core.StandardContext reload
INFORMACIÓN: Se ha completado la recarga de este Contexto
ene 21, 2016 1:00:40 PM org.apache.catalina.startup.HostConfig reload
INFORMACIÓN: Falló la recarga del contexto [/es.aulamentor]
ene 21, 2016 1:00:40 PM org.apache.catalina.core.StandardContext reload
INFORMACIÓN: Ha comenzado la recarga de Contexto [/es.aulamentor]
ene 21, 2016 1:00:40 PM org.apache.catalina.core.StandardContext reload
INFORMACIÓN: Se ha completado la recarga de este Contexto
ene 21, 2016 1:03:22 PM org.apache.catalina.startup.HostConfig undeploy
INFORMACIÓN: Repliegue (undeploy) de la aplicación web que tiene como trayectoria de contexto /es.aulamentor
ene 21, 2016 1:03:22 PM org.apache.catalina.startup.HostConfig deployDescriptor
INFORMACIÓN: Desplieque del descriptor de configuración /Users/ivan/Documents/netbeans/apache-tomcat-7.0.67/conf/Catalina/localhost/es.aulamentor.xml
ene 21, 2016 1:03:22 PM org.apache.catalina.startup.HostConfig deployDescriptor
INFORMACIÓN: Deployment of configuration descriptor /Users/ivan/Documents/netbeans/apache-tomcat-7.0.67/conf/Catalina/localhost/es.aulamentor.xml has finished in 81 ms
ene 21, 2016 1:03:22 PM org.apache.catalina.util.LifecycleBase start
INFORMACIÓN: The start() method was called on component [StandardEngine[Catalina].StandardHost[localhost].StandardContext[/es.aulamentor]] after start() had already been called. The second call will be ignored.
ene 21, 2016 1:29:52 PM org.apache.catalina.core.StandardContext reload
INFORMACIÓN: Ha comenzado la recarga de Contexto [/es.aulamentor]
ene 21, 2016 1:29:52 PM org.apache.catalina.core.StandardContext reload
INFORMACIÓN: Se ha completado la recarga de este Contexto
ene 21, 2016 1:30:05 PM org.apache.catalina.core.StandardContext reload
INFORMACIÓN: Ha comenzado la recarga de Contexto [/es.aulamentor]
ene 21, 2016 1:30:05 PM org.apache.catalina.core.StandardContext reload
INFORMACIÓN: Se ha completado la recarga de este Contexto
ene 21, 2016 1:32:28 PM org.apache.catalina.core.StandardContext reload
INFORMACIÓN: Ha comenzado la recarga de Contexto [/es.aulamentor]
ene 21, 2016 1:32:28 PM org.apache.catalina.core.StandardContext reload
INFORMACIÓN: Se ha completado la recarga de este Contexto
ene 21, 2016 1:34:38 PM org.apache.catalina.core.StandardContext reload
INFORMACIÓN: Ha comenzado la recarga de Contexto [/es.aulamentor]
ene 21, 2016 1:34:38 PM org.apache.catalina.core.StandardContext reload
INFORMACIÓN: Se ha completado la recarga de este Contexto
ene 21, 2016 1:34:42 PM org.apache.catalina.core.StandardContext reload
INFORMACIÓN: Ha comenzado la recarga de Contexto [/es.aulamentor]
ene 21, 2016 1:34:42 PM org.apache.catalina.core.StandardContext reload
INFORMACIÓN: Se ha completado la recarga de este Contexto
ene 21, 2016 1:35:30 PM org.apache.catalina.core.StandardContext reload
INFORMACIÓN: Ha comenzado la recarga de Contexto [/es.aulamentor]
ene 21, 2016 1:35:30 PM org.apache.catalina.core.StandardContext reload
INFORMACIÓN: Se ha completado la recarga de este Contexto
ene 21, 2016 1:35:33 PM org.apache.catalina.core.StandardContext reload
INFORMACIÓN: Ha comenzado la recarga de Contexto [/es.aulamentor]
ene 21, 2016 1:35:33 PM org.apache.catalina.core.StandardContext reload
INFORMACIÓN: Se ha completado la recarga de este Contexto
ene 21, 2016 1:37:13 PM org.apache.catalina.core.StandardContext reload
INFORMACIÓN: Ha comenzado la recarga de Contexto [/es.aulamentor]
ene 21, 2016 1:37:13 PM org.apache.catalina.core.StandardContext reload
INFORMACIÓN: Se ha completado la recarga de este Contexto
ene 21, 2016 1:37:15 PM org.apache.catalina.core.StandardContext reload
INFORMACIÓN: Ha comenzado la recarga de Contexto [/es.aulamentor]
ene 21, 2016 1:37:15 PM org.apache.catalina.core.StandardContext reload
INFORMACIÓN: Se ha completado la recarga de este Contexto
ene 21, 2016 1:37:20 PM org.apache.coyote.http11.AbstractHttp11Processor process
GRAVE: Error procesando requerimiento
java.lang.NullPointerException
	at org.apache.catalina.connector.OutputBuffer.realWriteChars(OutputBuffer.java:475)
	at org.apache.tomcat.util.buf.CharChunk.flushBuffer(CharChunk.java:464)
	at org.apache.catalina.connector.OutputBuffer.close(OutputBuffer.java:292)
	at org.apache.catalina.connector.Response.finishResponse(Response.java:554)
	at org.apache.catalina.connector.CoyoteAdapter.service(CoyoteAdapter.java:450)
	at org.apache.coyote.http11.AbstractHttp11Processor.process(AbstractHttp11Processor.java:1079)
	at org.apache.coyote.AbstractProtocol$AbstractConnectionHandler.process(AbstractProtocol.java:625)
	at org.apache.tomcat.util.net.JIoEndpoint$SocketProcessor.run(JIoEndpoint.java:318)
	at java.util.concurrent.ThreadPoolExecutor.runWorker(ThreadPoolExecutor.java:1142)
	at java.util.concurrent.ThreadPoolExecutor$Worker.run(ThreadPoolExecutor.java:617)
	at org.apache.tomcat.util.threads.TaskThread$WrappingRunnable.run(TaskThread.java:61)
	at java.lang.Thread.run(Thread.java:745)

ene 21, 2016 1:37:49 PM org.apache.catalina.core.StandardContext reload
INFORMACIÓN: Ha comenzado la recarga de Contexto [/es.aulamentor]
ene 21, 2016 1:37:49 PM org.apache.catalina.core.StandardContext reload
INFORMACIÓN: Se ha completado la recarga de este Contexto
ene 21, 2016 1:37:52 PM org.apache.catalina.core.StandardContext reload
INFORMACIÓN: Ha comenzado la recarga de Contexto [/es.aulamentor]
ene 21, 2016 1:37:52 PM org.apache.catalina.core.StandardContext reload
INFORMACIÓN: Se ha completado la recarga de este Contexto
ene 21, 2016 1:37:56 PM org.apache.coyote.http11.AbstractHttp11Processor process
GRAVE: Error procesando requerimiento
java.lang.NullPointerException
	at org.apache.catalina.connector.OutputBuffer.realWriteChars(OutputBuffer.java:475)
	at org.apache.tomcat.util.buf.CharChunk.flushBuffer(CharChunk.java:464)
	at org.apache.catalina.connector.OutputBuffer.close(OutputBuffer.java:292)
	at org.apache.catalina.connector.Response.finishResponse(Response.java:554)
	at org.apache.catalina.connector.CoyoteAdapter.service(CoyoteAdapter.java:450)
	at org.apache.coyote.http11.AbstractHttp11Processor.process(AbstractHttp11Processor.java:1079)
	at org.apache.coyote.AbstractProtocol$AbstractConnectionHandler.process(AbstractProtocol.java:625)
	at org.apache.tomcat.util.net.JIoEndpoint$SocketProcessor.run(JIoEndpoint.java:318)
	at java.util.concurrent.ThreadPoolExecutor.runWorker(ThreadPoolExecutor.java:1142)
	at java.util.concurrent.ThreadPoolExecutor$Worker.run(ThreadPoolExecutor.java:617)
	at org.apache.tomcat.util.threads.TaskThread$WrappingRunnable.run(TaskThread.java:61)
	at java.lang.Thread.run(Thread.java:745)

ene 21, 2016 1:39:20 PM org.apache.coyote.http11.AbstractHttp11Processor process
GRAVE: Error procesando requerimiento
java.lang.NullPointerException
	at org.apache.catalina.connector.OutputBuffer.realWriteChars(OutputBuffer.java:475)
	at org.apache.tomcat.util.buf.CharChunk.flushBuffer(CharChunk.java:464)
	at org.apache.catalina.connector.OutputBuffer.close(OutputBuffer.java:292)
	at org.apache.catalina.connector.Response.finishResponse(Response.java:554)
	at org.apache.catalina.connector.CoyoteAdapter.service(CoyoteAdapter.java:450)
	at org.apache.coyote.http11.AbstractHttp11Processor.process(AbstractHttp11Processor.java:1079)
	at org.apache.coyote.AbstractProtocol$AbstractConnectionHandler.process(AbstractProtocol.java:625)
	at org.apache.tomcat.util.net.JIoEndpoint$SocketProcessor.run(JIoEndpoint.java:316)
	at java.util.concurrent.ThreadPoolExecutor.runWorker(ThreadPoolExecutor.java:1142)
	at java.util.concurrent.ThreadPoolExecutor$Worker.run(ThreadPoolExecutor.java:617)
	at org.apache.tomcat.util.threads.TaskThread$WrappingRunnable.run(TaskThread.java:61)
	at java.lang.Thread.run(Thread.java:745)

ene 21, 2016 1:40:11 PM org.apache.catalina.core.StandardContext reload
INFORMACIÓN: Ha comenzado la recarga de Contexto [/es.aulamentor]
ene 21, 2016 1:40:11 PM org.apache.catalina.core.StandardContext reload
INFORMACIÓN: Se ha completado la recarga de este Contexto
ene 21, 2016 1:40:27 PM org.apache.coyote.http11.AbstractHttp11Processor process
GRAVE: Error procesando requerimiento
java.lang.NullPointerException
	at org.apache.catalina.connector.OutputBuffer.realWriteChars(OutputBuffer.java:475)
	at org.apache.tomcat.util.buf.CharChunk.flushBuffer(CharChunk.java:464)
	at org.apache.catalina.connector.OutputBuffer.close(OutputBuffer.java:292)
	at org.apache.catalina.connector.Response.finishResponse(Response.java:554)
	at org.apache.catalina.connector.CoyoteAdapter.service(CoyoteAdapter.java:450)
	at org.apache.coyote.http11.AbstractHttp11Processor.process(AbstractHttp11Processor.java:1079)
	at org.apache.coyote.AbstractProtocol$AbstractConnectionHandler.process(AbstractProtocol.java:625)
	at org.apache.tomcat.util.net.JIoEndpoint$SocketProcessor.run(JIoEndpoint.java:318)
	at java.util.concurrent.ThreadPoolExecutor.runWorker(ThreadPoolExecutor.java:1142)
	at java.util.concurrent.ThreadPoolExecutor$Worker.run(ThreadPoolExecutor.java:617)
	at org.apache.tomcat.util.threads.TaskThread$WrappingRunnable.run(TaskThread.java:61)
	at java.lang.Thread.run(Thread.java:745)

ene 21, 2016 1:40:57 PM org.apache.catalina.core.StandardContext reload
INFORMACIÓN: Ha comenzado la recarga de Contexto [/es.aulamentor]
ene 21, 2016 1:40:57 PM org.apache.catalina.core.StandardContext reload
INFORMACIÓN: Se ha completado la recarga de este Contexto
ene 21, 2016 1:41:03 PM org.apache.catalina.core.StandardContext reload
INFORMACIÓN: Ha comenzado la recarga de Contexto [/es.aulamentor]
ene 21, 2016 1:41:03 PM org.apache.catalina.core.StandardContext reload
INFORMACIÓN: Se ha completado la recarga de este Contexto
ene 21, 2016 1:41:05 PM org.apache.catalina.core.StandardContext reload
INFORMACIÓN: Ha comenzado la recarga de Contexto [/es.aulamentor]
ene 21, 2016 1:41:06 PM org.apache.catalina.core.StandardContext reload
INFORMACIÓN: Se ha completado la recarga de este Contexto
ene 21, 2016 1:41:11 PM org.apache.coyote.http11.AbstractHttp11Processor process
GRAVE: Error procesando requerimiento
java.lang.NullPointerException
	at org.apache.catalina.connector.OutputBuffer.realWriteChars(OutputBuffer.java:475)
	at org.apache.tomcat.util.buf.CharChunk.flushBuffer(CharChunk.java:464)
	at org.apache.catalina.connector.OutputBuffer.close(OutputBuffer.java:292)
	at org.apache.catalina.connector.Response.finishResponse(Response.java:554)
	at org.apache.catalina.connector.CoyoteAdapter.service(CoyoteAdapter.java:450)
	at org.apache.coyote.http11.AbstractHttp11Processor.process(AbstractHttp11Processor.java:1079)
	at org.apache.coyote.AbstractProtocol$AbstractConnectionHandler.process(AbstractProtocol.java:625)
	at org.apache.tomcat.util.net.JIoEndpoint$SocketProcessor.run(JIoEndpoint.java:318)
	at java.util.concurrent.ThreadPoolExecutor.runWorker(ThreadPoolExecutor.java:1142)
	at java.util.concurrent.ThreadPoolExecutor$Worker.run(ThreadPoolExecutor.java:617)
	at org.apache.tomcat.util.threads.TaskThread$WrappingRunnable.run(TaskThread.java:61)
	at java.lang.Thread.run(Thread.java:745)

ene 21, 2016 1:41:29 PM org.apache.coyote.http11.AbstractHttp11Processor process
GRAVE: Error procesando requerimiento
java.lang.NullPointerException
	at org.apache.catalina.connector.OutputBuffer.realWriteChars(OutputBuffer.java:475)
	at org.apache.tomcat.util.buf.CharChunk.flushBuffer(CharChunk.java:464)
	at org.apache.catalina.connector.OutputBuffer.close(OutputBuffer.java:292)
	at org.apache.catalina.connector.Response.finishResponse(Response.java:554)
	at org.apache.catalina.connector.CoyoteAdapter.service(CoyoteAdapter.java:450)
	at org.apache.coyote.http11.AbstractHttp11Processor.process(AbstractHttp11Processor.java:1079)
	at org.apache.coyote.AbstractProtocol$AbstractConnectionHandler.process(AbstractProtocol.java:625)
	at org.apache.tomcat.util.net.JIoEndpoint$SocketProcessor.run(JIoEndpoint.java:318)
	at java.util.concurrent.ThreadPoolExecutor.runWorker(ThreadPoolExecutor.java:1142)
	at java.util.concurrent.ThreadPoolExecutor$Worker.run(ThreadPoolExecutor.java:617)
	at org.apache.tomcat.util.threads.TaskThread$WrappingRunnable.run(TaskThread.java:61)
	at java.lang.Thread.run(Thread.java:745)

ene 21, 2016 1:42:23 PM org.apache.coyote.http11.AbstractHttp11Processor process
GRAVE: Error procesando requerimiento
java.lang.NullPointerException
	at org.apache.catalina.connector.OutputBuffer.realWriteChars(OutputBuffer.java:475)
	at org.apache.tomcat.util.buf.CharChunk.flushBuffer(CharChunk.java:464)
	at org.apache.catalina.connector.OutputBuffer.close(OutputBuffer.java:292)
	at org.apache.catalina.connector.Response.finishResponse(Response.java:554)
	at org.apache.catalina.connector.CoyoteAdapter.service(CoyoteAdapter.java:450)
	at org.apache.coyote.http11.AbstractHttp11Processor.process(AbstractHttp11Processor.java:1079)
	at org.apache.coyote.AbstractProtocol$AbstractConnectionHandler.process(AbstractProtocol.java:625)
	at org.apache.tomcat.util.net.JIoEndpoint$SocketProcessor.run(JIoEndpoint.java:316)
	at java.util.concurrent.ThreadPoolExecutor.runWorker(ThreadPoolExecutor.java:1142)
	at java.util.concurrent.ThreadPoolExecutor$Worker.run(ThreadPoolExecutor.java:617)
	at org.apache.tomcat.util.threads.TaskThread$WrappingRunnable.run(TaskThread.java:61)
	at java.lang.Thread.run(Thread.java:745)

ene 21, 2016 1:42:25 PM org.apache.coyote.http11.AbstractHttp11Processor process
GRAVE: Error procesando requerimiento
java.lang.NullPointerException
	at org.apache.catalina.connector.OutputBuffer.realWriteChars(OutputBuffer.java:475)
	at org.apache.tomcat.util.buf.CharChunk.flushBuffer(CharChunk.java:464)
	at org.apache.catalina.connector.OutputBuffer.close(OutputBuffer.java:292)
	at org.apache.catalina.connector.Response.finishResponse(Response.java:554)
	at org.apache.catalina.connector.CoyoteAdapter.service(CoyoteAdapter.java:450)
	at org.apache.coyote.http11.AbstractHttp11Processor.process(AbstractHttp11Processor.java:1079)
	at org.apache.coyote.AbstractProtocol$AbstractConnectionHandler.process(AbstractProtocol.java:625)
	at org.apache.tomcat.util.net.JIoEndpoint$SocketProcessor.run(JIoEndpoint.java:316)
	at java.util.concurrent.ThreadPoolExecutor.runWorker(ThreadPoolExecutor.java:1142)
	at java.util.concurrent.ThreadPoolExecutor$Worker.run(ThreadPoolExecutor.java:617)
	at org.apache.tomcat.util.threads.TaskThread$WrappingRunnable.run(TaskThread.java:61)
	at java.lang.Thread.run(Thread.java:745)

ene 21, 2016 1:42:26 PM org.apache.coyote.http11.AbstractHttp11Processor process
GRAVE: Error procesando requerimiento
java.lang.NullPointerException
	at org.apache.catalina.connector.OutputBuffer.realWriteChars(OutputBuffer.java:475)
	at org.apache.tomcat.util.buf.CharChunk.flushBuffer(CharChunk.java:464)
	at org.apache.catalina.connector.OutputBuffer.close(OutputBuffer.java:292)
	at org.apache.catalina.connector.Response.finishResponse(Response.java:554)
	at org.apache.catalina.connector.CoyoteAdapter.service(CoyoteAdapter.java:450)
	at org.apache.coyote.http11.AbstractHttp11Processor.process(AbstractHttp11Processor.java:1079)
	at org.apache.coyote.AbstractProtocol$AbstractConnectionHandler.process(AbstractProtocol.java:625)
	at org.apache.tomcat.util.net.JIoEndpoint$SocketProcessor.run(JIoEndpoint.java:316)
	at java.util.concurrent.ThreadPoolExecutor.runWorker(ThreadPoolExecutor.java:1142)
	at java.util.concurrent.ThreadPoolExecutor$Worker.run(ThreadPoolExecutor.java:617)
	at org.apache.tomcat.util.threads.TaskThread$WrappingRunnable.run(TaskThread.java:61)
	at java.lang.Thread.run(Thread.java:745)

ene 21, 2016 1:44:12 PM org.apache.catalina.core.StandardContext reload
INFORMACIÓN: Ha comenzado la recarga de Contexto [/es.aulamentor]
ene 21, 2016 1:44:12 PM org.apache.catalina.core.StandardContext reload
INFORMACIÓN: Se ha completado la recarga de este Contexto
ene 21, 2016 1:44:29 PM org.apache.catalina.core.StandardContext reload
INFORMACIÓN: Ha comenzado la recarga de Contexto [/es.aulamentor]
ene 21, 2016 1:44:29 PM org.apache.catalina.core.StandardContext reload
INFORMACIÓN: Se ha completado la recarga de este Contexto
ene 21, 2016 1:44:32 PM org.apache.catalina.core.StandardContext reload
INFORMACIÓN: Ha comenzado la recarga de Contexto [/es.aulamentor]
ene 21, 2016 1:44:32 PM org.apache.catalina.core.StandardContext reload
INFORMACIÓN: Se ha completado la recarga de este Contexto
ene 21, 2016 1:44:37 PM org.apache.coyote.http11.AbstractHttp11Processor process
GRAVE: Error procesando requerimiento
java.lang.NullPointerException
	at org.apache.catalina.connector.OutputBuffer.realWriteChars(OutputBuffer.java:475)
	at org.apache.tomcat.util.buf.CharChunk.flushBuffer(CharChunk.java:464)
	at org.apache.catalina.connector.OutputBuffer.close(OutputBuffer.java:292)
	at org.apache.catalina.connector.Response.finishResponse(Response.java:554)
	at org.apache.catalina.connector.CoyoteAdapter.service(CoyoteAdapter.java:450)
	at org.apache.coyote.http11.AbstractHttp11Processor.process(AbstractHttp11Processor.java:1079)
	at org.apache.coyote.AbstractProtocol$AbstractConnectionHandler.process(AbstractProtocol.java:625)
	at org.apache.tomcat.util.net.JIoEndpoint$SocketProcessor.run(JIoEndpoint.java:318)
	at java.util.concurrent.ThreadPoolExecutor.runWorker(ThreadPoolExecutor.java:1142)
	at java.util.concurrent.ThreadPoolExecutor$Worker.run(ThreadPoolExecutor.java:617)
	at org.apache.tomcat.util.threads.TaskThread$WrappingRunnable.run(TaskThread.java:61)
	at java.lang.Thread.run(Thread.java:745)

ene 21, 2016 2:44:38 PM org.apache.catalina.core.StandardContext reload
INFORMACIÓN: Ha comenzado la recarga de Contexto [/es.aulamentor]
ene 21, 2016 2:44:38 PM org.apache.catalina.core.StandardContext reload
INFORMACIÓN: Se ha completado la recarga de este Contexto
ene 21, 2016 2:48:06 PM org.apache.catalina.core.StandardContext reload
INFORMACIÓN: Ha comenzado la recarga de Contexto [/es.aulamentor]
ene 21, 2016 2:48:07 PM org.apache.catalina.core.StandardContext reload
INFORMACIÓN: Se ha completado la recarga de este Contexto
ene 21, 2016 2:48:21 PM org.apache.catalina.core.StandardContext reload
INFORMACIÓN: Ha comenzado la recarga de Contexto [/es.aulamentor]
ene 21, 2016 2:48:21 PM org.apache.catalina.core.StandardContext reload
INFORMACIÓN: Se ha completado la recarga de este Contexto
ene 21, 2016 2:49:38 PM org.apache.catalina.core.StandardServer await
INFORMACIÓN: Se ha recibido un comando de apagado a través del puerto de apagado. Parando la instancia del Servidor.
ene 21, 2016 2:49:38 PM org.apache.coyote.AbstractProtocol pause
INFORMACIÓN: Pausing ProtocolHandler ["http-bio-8080"]
ene 21, 2016 2:49:38 PM org.apache.coyote.AbstractProtocol pause
INFORMACIÓN: Pausing ProtocolHandler ["ajp-bio-8009"]
ene 21, 2016 2:49:38 PM org.apache.catalina.core.StandardService stopInternal
INFORMACIÓN: Parando servicio Catalina
ene 21, 2016 2:49:38 PM org.apache.coyote.AbstractProtocol stop
INFORMACIÓN: Stopping ProtocolHandler ["http-bio-8080"]
ene 21, 2016 2:49:38 PM org.apache.coyote.AbstractProtocol stop
INFORMACIÓN: Stopping ProtocolHandler ["ajp-bio-8009"]
ene 21, 2016 2:49:38 PM org.apache.coyote.AbstractProtocol destroy
INFORMACIÓN: Destroying ProtocolHandler ["http-bio-8080"]
ene 21, 2016 2:49:38 PM org.apache.coyote.AbstractProtocol destroy
INFORMACIÓN: Destroying ProtocolHandler ["ajp-bio-8009"]
