ene 21, 2016 10:09:20 AM org.apache.catalina.core.ApplicationContext log
INFORMACIÓN: ContextListener: contextInitialized()
ene 21, 2016 10:09:20 AM org.apache.catalina.core.ApplicationContext log
INFORMACIÓN: SessionListener: contextInitialized()
ene 21, 2016 10:09:20 AM org.apache.catalina.core.ApplicationContext log
INFORMACIÓN: ContextListener: attributeAdded('org.apache.jasper.compiler.TldLocationsCache', 'org.apache.jasper.compiler.TldLocationsCache@649e6a5c')
ene 21, 2016 1:37:20 PM org.apache.catalina.core.StandardWrapperValve invoke
GRAVE: Servlet.service() para servlet Servlet lanzó excepción
java.io.UnsupportedEncodingException: La codificación de carácter [utfs8] no está soportada
	at org.apache.tomcat.util.buf.B2CConverter.getCharsetLower(B2CConverter.java:91)
	at org.apache.tomcat.util.buf.B2CConverter.getCharset(B2CConverter.java:78)
	at org.apache.tomcat.util.buf.C2BConverter.<init>(C2BConverter.java:41)
	at org.apache.catalina.connector.OutputBuffer.setConverter(OutputBuffer.java:616)
	at org.apache.catalina.connector.OutputBuffer.checkConverter(OutputBuffer.java:578)
	at org.apache.catalina.connector.Response.getWriter(Response.java:700)
	at org.apache.catalina.connector.ResponseFacade.getWriter(ResponseFacade.java:213)
	at Sumadora.Servlet.procesarPeticion(Servlet.java:43)
	at Sumadora.Servlet.doPost(Servlet.java:32)
	at javax.servlet.http.HttpServlet.service(HttpServlet.java:650)
	at javax.servlet.http.HttpServlet.service(HttpServlet.java:731)
	at org.apache.catalina.core.ApplicationFilterChain.internalDoFilter(ApplicationFilterChain.java:303)
	at org.apache.catalina.core.ApplicationFilterChain.doFilter(ApplicationFilterChain.java:208)
	at org.apache.tomcat.websocket.server.WsFilter.doFilter(WsFilter.java:52)
	at org.apache.catalina.core.ApplicationFilterChain.internalDoFilter(ApplicationFilterChain.java:241)
	at org.apache.catalina.core.ApplicationFilterChain.doFilter(ApplicationFilterChain.java:208)
	at org.apache.catalina.core.StandardWrapperValve.invoke(StandardWrapperValve.java:220)
	at org.apache.catalina.core.StandardContextValve.invoke(StandardContextValve.java:122)
	at org.apache.catalina.authenticator.AuthenticatorBase.invoke(AuthenticatorBase.java:505)
	at org.apache.catalina.core.StandardHostValve.invoke(StandardHostValve.java:169)
	at org.apache.catalina.valves.ErrorReportValve.invoke(ErrorReportValve.java:103)
	at org.apache.catalina.valves.AccessLogValve.invoke(AccessLogValve.java:956)
	at org.apache.catalina.core.StandardEngineValve.invoke(StandardEngineValve.java:116)
	at org.apache.catalina.connector.CoyoteAdapter.service(CoyoteAdapter.java:423)
	at org.apache.coyote.http11.AbstractHttp11Processor.process(AbstractHttp11Processor.java:1079)
	at org.apache.coyote.AbstractProtocol$AbstractConnectionHandler.process(AbstractProtocol.java:625)
	at org.apache.tomcat.util.net.JIoEndpoint$SocketProcessor.run(JIoEndpoint.java:318)
	at java.util.concurrent.ThreadPoolExecutor.runWorker(ThreadPoolExecutor.java:1142)
	at java.util.concurrent.ThreadPoolExecutor$Worker.run(ThreadPoolExecutor.java:617)
	at org.apache.tomcat.util.threads.TaskThread$WrappingRunnable.run(TaskThread.java:61)
	at java.lang.Thread.run(Thread.java:745)

ene 21, 2016 1:37:56 PM org.apache.catalina.core.StandardWrapperValve invoke
GRAVE: Servlet.service() para servlet Servlet lanzó excepción
java.io.UnsupportedEncodingException: La codificación de carácter [utfs8] no está soportada
	at org.apache.tomcat.util.buf.B2CConverter.getCharsetLower(B2CConverter.java:91)
	at org.apache.tomcat.util.buf.B2CConverter.getCharset(B2CConverter.java:78)
	at org.apache.tomcat.util.buf.C2BConverter.<init>(C2BConverter.java:41)
	at org.apache.catalina.connector.OutputBuffer.setConverter(OutputBuffer.java:616)
	at org.apache.catalina.connector.OutputBuffer.checkConverter(OutputBuffer.java:578)
	at org.apache.catalina.connector.Response.getWriter(Response.java:700)
	at org.apache.catalina.connector.ResponseFacade.getWriter(ResponseFacade.java:213)
	at Sumadora.Servlet.procesarPeticion(Servlet.java:43)
	at Sumadora.Servlet.doPost(Servlet.java:32)
	at javax.servlet.http.HttpServlet.service(HttpServlet.java:650)
	at javax.servlet.http.HttpServlet.service(HttpServlet.java:731)
	at org.apache.catalina.core.ApplicationFilterChain.internalDoFilter(ApplicationFilterChain.java:303)
	at org.apache.catalina.core.ApplicationFilterChain.doFilter(ApplicationFilterChain.java:208)
	at org.apache.tomcat.websocket.server.WsFilter.doFilter(WsFilter.java:52)
	at org.apache.catalina.core.ApplicationFilterChain.internalDoFilter(ApplicationFilterChain.java:241)
	at org.apache.catalina.core.ApplicationFilterChain.doFilter(ApplicationFilterChain.java:208)
	at org.apache.catalina.core.StandardWrapperValve.invoke(StandardWrapperValve.java:220)
	at org.apache.catalina.core.StandardContextValve.invoke(StandardContextValve.java:122)
	at org.apache.catalina.authenticator.AuthenticatorBase.invoke(AuthenticatorBase.java:505)
	at org.apache.catalina.core.StandardHostValve.invoke(StandardHostValve.java:169)
	at org.apache.catalina.valves.ErrorReportValve.invoke(ErrorReportValve.java:103)
	at org.apache.catalina.valves.AccessLogValve.invoke(AccessLogValve.java:956)
	at org.apache.catalina.core.StandardEngineValve.invoke(StandardEngineValve.java:116)
	at org.apache.catalina.connector.CoyoteAdapter.service(CoyoteAdapter.java:423)
	at org.apache.coyote.http11.AbstractHttp11Processor.process(AbstractHttp11Processor.java:1079)
	at org.apache.coyote.AbstractProtocol$AbstractConnectionHandler.process(AbstractProtocol.java:625)
	at org.apache.tomcat.util.net.JIoEndpoint$SocketProcessor.run(JIoEndpoint.java:318)
	at java.util.concurrent.ThreadPoolExecutor.runWorker(ThreadPoolExecutor.java:1142)
	at java.util.concurrent.ThreadPoolExecutor$Worker.run(ThreadPoolExecutor.java:617)
	at org.apache.tomcat.util.threads.TaskThread$WrappingRunnable.run(TaskThread.java:61)
	at java.lang.Thread.run(Thread.java:745)

ene 21, 2016 1:39:20 PM org.apache.catalina.core.StandardWrapperValve invoke
GRAVE: Servlet.service() para servlet Servlet lanzó excepción
java.io.UnsupportedEncodingException: La codificación de carácter [utfs8] no está soportada
	at org.apache.tomcat.util.buf.B2CConverter.getCharsetLower(B2CConverter.java:91)
	at org.apache.tomcat.util.buf.B2CConverter.getCharset(B2CConverter.java:78)
	at org.apache.tomcat.util.buf.C2BConverter.<init>(C2BConverter.java:41)
	at org.apache.catalina.connector.OutputBuffer.setConverter(OutputBuffer.java:616)
	at org.apache.catalina.connector.OutputBuffer.checkConverter(OutputBuffer.java:578)
	at org.apache.catalina.connector.Response.getWriter(Response.java:700)
	at org.apache.catalina.connector.ResponseFacade.getWriter(ResponseFacade.java:213)
	at Sumadora.Servlet.procesarPeticion(Servlet.java:43)
	at Sumadora.Servlet.doPost(Servlet.java:32)
	at javax.servlet.http.HttpServlet.service(HttpServlet.java:650)
	at javax.servlet.http.HttpServlet.service(HttpServlet.java:731)
	at org.apache.catalina.core.ApplicationFilterChain.internalDoFilter(ApplicationFilterChain.java:303)
	at org.apache.catalina.core.ApplicationFilterChain.doFilter(ApplicationFilterChain.java:208)
	at org.apache.tomcat.websocket.server.WsFilter.doFilter(WsFilter.java:52)
	at org.apache.catalina.core.ApplicationFilterChain.internalDoFilter(ApplicationFilterChain.java:241)
	at org.apache.catalina.core.ApplicationFilterChain.doFilter(ApplicationFilterChain.java:208)
	at org.apache.catalina.core.StandardWrapperValve.invoke(StandardWrapperValve.java:220)
	at org.apache.catalina.core.StandardContextValve.invoke(StandardContextValve.java:122)
	at org.apache.catalina.authenticator.AuthenticatorBase.invoke(AuthenticatorBase.java:505)
	at org.apache.catalina.core.StandardHostValve.invoke(StandardHostValve.java:169)
	at org.apache.catalina.valves.ErrorReportValve.invoke(ErrorReportValve.java:103)
	at org.apache.catalina.valves.AccessLogValve.invoke(AccessLogValve.java:956)
	at org.apache.catalina.core.StandardEngineValve.invoke(StandardEngineValve.java:116)
	at org.apache.catalina.connector.CoyoteAdapter.service(CoyoteAdapter.java:423)
	at org.apache.coyote.http11.AbstractHttp11Processor.process(AbstractHttp11Processor.java:1079)
	at org.apache.coyote.AbstractProtocol$AbstractConnectionHandler.process(AbstractProtocol.java:625)
	at org.apache.tomcat.util.net.JIoEndpoint$SocketProcessor.run(JIoEndpoint.java:316)
	at java.util.concurrent.ThreadPoolExecutor.runWorker(ThreadPoolExecutor.java:1142)
	at java.util.concurrent.ThreadPoolExecutor$Worker.run(ThreadPoolExecutor.java:617)
	at org.apache.tomcat.util.threads.TaskThread$WrappingRunnable.run(TaskThread.java:61)
	at java.lang.Thread.run(Thread.java:745)

ene 21, 2016 1:40:27 PM org.apache.catalina.core.StandardWrapperValve invoke
GRAVE: Servlet.service() para servlet Servlet lanzó excepción
java.io.UnsupportedEncodingException: La codificación de carácter [utfs8] no está soportada
	at org.apache.tomcat.util.buf.B2CConverter.getCharsetLower(B2CConverter.java:91)
	at org.apache.tomcat.util.buf.B2CConverter.getCharset(B2CConverter.java:78)
	at org.apache.tomcat.util.buf.C2BConverter.<init>(C2BConverter.java:41)
	at org.apache.catalina.connector.OutputBuffer.setConverter(OutputBuffer.java:616)
	at org.apache.catalina.connector.OutputBuffer.checkConverter(OutputBuffer.java:578)
	at org.apache.catalina.connector.Response.getWriter(Response.java:700)
	at org.apache.catalina.connector.ResponseFacade.getWriter(ResponseFacade.java:213)
	at Sumadora.Servlet.procesarPeticion(Servlet.java:43)
	at Sumadora.Servlet.doPost(Servlet.java:32)
	at javax.servlet.http.HttpServlet.service(HttpServlet.java:650)
	at javax.servlet.http.HttpServlet.service(HttpServlet.java:731)
	at org.apache.catalina.core.ApplicationFilterChain.internalDoFilter(ApplicationFilterChain.java:303)
	at org.apache.catalina.core.ApplicationFilterChain.doFilter(ApplicationFilterChain.java:208)
	at org.apache.tomcat.websocket.server.WsFilter.doFilter(WsFilter.java:52)
	at org.apache.catalina.core.ApplicationFilterChain.internalDoFilter(ApplicationFilterChain.java:241)
	at org.apache.catalina.core.ApplicationFilterChain.doFilter(ApplicationFilterChain.java:208)
	at org.apache.catalina.core.StandardWrapperValve.invoke(StandardWrapperValve.java:220)
	at org.apache.catalina.core.StandardContextValve.invoke(StandardContextValve.java:122)
	at org.apache.catalina.authenticator.AuthenticatorBase.invoke(AuthenticatorBase.java:505)
	at org.apache.catalina.core.StandardHostValve.invoke(StandardHostValve.java:169)
	at org.apache.catalina.valves.ErrorReportValve.invoke(ErrorReportValve.java:103)
	at org.apache.catalina.valves.AccessLogValve.invoke(AccessLogValve.java:956)
	at org.apache.catalina.core.StandardEngineValve.invoke(StandardEngineValve.java:116)
	at org.apache.catalina.connector.CoyoteAdapter.service(CoyoteAdapter.java:423)
	at org.apache.coyote.http11.AbstractHttp11Processor.process(AbstractHttp11Processor.java:1079)
	at org.apache.coyote.AbstractProtocol$AbstractConnectionHandler.process(AbstractProtocol.java:625)
	at org.apache.tomcat.util.net.JIoEndpoint$SocketProcessor.run(JIoEndpoint.java:318)
	at java.util.concurrent.ThreadPoolExecutor.runWorker(ThreadPoolExecutor.java:1142)
	at java.util.concurrent.ThreadPoolExecutor$Worker.run(ThreadPoolExecutor.java:617)
	at org.apache.tomcat.util.threads.TaskThread$WrappingRunnable.run(TaskThread.java:61)
	at java.lang.Thread.run(Thread.java:745)

ene 21, 2016 1:41:11 PM org.apache.catalina.core.StandardWrapperValve invoke
GRAVE: Servlet.service() para servlet Servlet lanzó excepción
java.io.UnsupportedEncodingException: La codificación de carácter [utfs8] no está soportada
	at org.apache.tomcat.util.buf.B2CConverter.getCharsetLower(B2CConverter.java:91)
	at org.apache.tomcat.util.buf.B2CConverter.getCharset(B2CConverter.java:78)
	at org.apache.tomcat.util.buf.C2BConverter.<init>(C2BConverter.java:41)
	at org.apache.catalina.connector.OutputBuffer.setConverter(OutputBuffer.java:616)
	at org.apache.catalina.connector.OutputBuffer.checkConverter(OutputBuffer.java:578)
	at org.apache.catalina.connector.Response.getWriter(Response.java:700)
	at org.apache.catalina.connector.ResponseFacade.getWriter(ResponseFacade.java:213)
	at Sumadora.Servlet.procesarPeticion(Servlet.java:43)
	at Sumadora.Servlet.doPost(Servlet.java:32)
	at javax.servlet.http.HttpServlet.service(HttpServlet.java:650)
	at javax.servlet.http.HttpServlet.service(HttpServlet.java:731)
	at org.apache.catalina.core.ApplicationFilterChain.internalDoFilter(ApplicationFilterChain.java:303)
	at org.apache.catalina.core.ApplicationFilterChain.doFilter(ApplicationFilterChain.java:208)
	at org.apache.tomcat.websocket.server.WsFilter.doFilter(WsFilter.java:52)
	at org.apache.catalina.core.ApplicationFilterChain.internalDoFilter(ApplicationFilterChain.java:241)
	at org.apache.catalina.core.ApplicationFilterChain.doFilter(ApplicationFilterChain.java:208)
	at org.apache.catalina.core.StandardWrapperValve.invoke(StandardWrapperValve.java:220)
	at org.apache.catalina.core.StandardContextValve.invoke(StandardContextValve.java:122)
	at org.apache.catalina.authenticator.AuthenticatorBase.invoke(AuthenticatorBase.java:505)
	at org.apache.catalina.core.StandardHostValve.invoke(StandardHostValve.java:169)
	at org.apache.catalina.valves.ErrorReportValve.invoke(ErrorReportValve.java:103)
	at org.apache.catalina.valves.AccessLogValve.invoke(AccessLogValve.java:956)
	at org.apache.catalina.core.StandardEngineValve.invoke(StandardEngineValve.java:116)
	at org.apache.catalina.connector.CoyoteAdapter.service(CoyoteAdapter.java:423)
	at org.apache.coyote.http11.AbstractHttp11Processor.process(AbstractHttp11Processor.java:1079)
	at org.apache.coyote.AbstractProtocol$AbstractConnectionHandler.process(AbstractProtocol.java:625)
	at org.apache.tomcat.util.net.JIoEndpoint$SocketProcessor.run(JIoEndpoint.java:318)
	at java.util.concurrent.ThreadPoolExecutor.runWorker(ThreadPoolExecutor.java:1142)
	at java.util.concurrent.ThreadPoolExecutor$Worker.run(ThreadPoolExecutor.java:617)
	at org.apache.tomcat.util.threads.TaskThread$WrappingRunnable.run(TaskThread.java:61)
	at java.lang.Thread.run(Thread.java:745)

ene 21, 2016 1:41:29 PM org.apache.catalina.core.StandardWrapperValve invoke
GRAVE: Servlet.service() para servlet Servlet lanzó excepción
java.io.UnsupportedEncodingException: La codificación de carácter [utfs8] no está soportada
	at org.apache.tomcat.util.buf.B2CConverter.getCharsetLower(B2CConverter.java:91)
	at org.apache.tomcat.util.buf.B2CConverter.getCharset(B2CConverter.java:78)
	at org.apache.tomcat.util.buf.C2BConverter.<init>(C2BConverter.java:41)
	at org.apache.catalina.connector.OutputBuffer.setConverter(OutputBuffer.java:616)
	at org.apache.catalina.connector.OutputBuffer.checkConverter(OutputBuffer.java:578)
	at org.apache.catalina.connector.Response.getWriter(Response.java:700)
	at org.apache.catalina.connector.ResponseFacade.getWriter(ResponseFacade.java:213)
	at Sumadora.Servlet.procesarPeticion(Servlet.java:43)
	at Sumadora.Servlet.doPost(Servlet.java:32)
	at javax.servlet.http.HttpServlet.service(HttpServlet.java:650)
	at javax.servlet.http.HttpServlet.service(HttpServlet.java:731)
	at org.apache.catalina.core.ApplicationFilterChain.internalDoFilter(ApplicationFilterChain.java:303)
	at org.apache.catalina.core.ApplicationFilterChain.doFilter(ApplicationFilterChain.java:208)
	at org.apache.tomcat.websocket.server.WsFilter.doFilter(WsFilter.java:52)
	at org.apache.catalina.core.ApplicationFilterChain.internalDoFilter(ApplicationFilterChain.java:241)
	at org.apache.catalina.core.ApplicationFilterChain.doFilter(ApplicationFilterChain.java:208)
	at org.apache.catalina.core.StandardWrapperValve.invoke(StandardWrapperValve.java:220)
	at org.apache.catalina.core.StandardContextValve.invoke(StandardContextValve.java:122)
	at org.apache.catalina.authenticator.AuthenticatorBase.invoke(AuthenticatorBase.java:505)
	at org.apache.catalina.core.StandardHostValve.invoke(StandardHostValve.java:169)
	at org.apache.catalina.valves.ErrorReportValve.invoke(ErrorReportValve.java:103)
	at org.apache.catalina.valves.AccessLogValve.invoke(AccessLogValve.java:956)
	at org.apache.catalina.core.StandardEngineValve.invoke(StandardEngineValve.java:116)
	at org.apache.catalina.connector.CoyoteAdapter.service(CoyoteAdapter.java:423)
	at org.apache.coyote.http11.AbstractHttp11Processor.process(AbstractHttp11Processor.java:1079)
	at org.apache.coyote.AbstractProtocol$AbstractConnectionHandler.process(AbstractProtocol.java:625)
	at org.apache.tomcat.util.net.JIoEndpoint$SocketProcessor.run(JIoEndpoint.java:318)
	at java.util.concurrent.ThreadPoolExecutor.runWorker(ThreadPoolExecutor.java:1142)
	at java.util.concurrent.ThreadPoolExecutor$Worker.run(ThreadPoolExecutor.java:617)
	at org.apache.tomcat.util.threads.TaskThread$WrappingRunnable.run(TaskThread.java:61)
	at java.lang.Thread.run(Thread.java:745)

ene 21, 2016 1:42:23 PM org.apache.catalina.core.StandardWrapperValve invoke
GRAVE: Servlet.service() para servlet Servlet lanzó excepción
java.io.UnsupportedEncodingException: La codificación de carácter [utfs8] no está soportada
	at org.apache.tomcat.util.buf.B2CConverter.getCharsetLower(B2CConverter.java:91)
	at org.apache.tomcat.util.buf.B2CConverter.getCharset(B2CConverter.java:78)
	at org.apache.tomcat.util.buf.C2BConverter.<init>(C2BConverter.java:41)
	at org.apache.catalina.connector.OutputBuffer.setConverter(OutputBuffer.java:616)
	at org.apache.catalina.connector.OutputBuffer.checkConverter(OutputBuffer.java:578)
	at org.apache.catalina.connector.Response.getWriter(Response.java:700)
	at org.apache.catalina.connector.ResponseFacade.getWriter(ResponseFacade.java:213)
	at Sumadora.Servlet.procesarPeticion(Servlet.java:43)
	at Sumadora.Servlet.doGet(Servlet.java:26)
	at javax.servlet.http.HttpServlet.service(HttpServlet.java:624)
	at javax.servlet.http.HttpServlet.service(HttpServlet.java:731)
	at org.apache.catalina.core.ApplicationFilterChain.internalDoFilter(ApplicationFilterChain.java:303)
	at org.apache.catalina.core.ApplicationFilterChain.doFilter(ApplicationFilterChain.java:208)
	at org.apache.tomcat.websocket.server.WsFilter.doFilter(WsFilter.java:52)
	at org.apache.catalina.core.ApplicationFilterChain.internalDoFilter(ApplicationFilterChain.java:241)
	at org.apache.catalina.core.ApplicationFilterChain.doFilter(ApplicationFilterChain.java:208)
	at org.apache.catalina.core.StandardWrapperValve.invoke(StandardWrapperValve.java:220)
	at org.apache.catalina.core.StandardContextValve.invoke(StandardContextValve.java:122)
	at org.apache.catalina.authenticator.AuthenticatorBase.invoke(AuthenticatorBase.java:505)
	at org.apache.catalina.core.StandardHostValve.invoke(StandardHostValve.java:169)
	at org.apache.catalina.valves.ErrorReportValve.invoke(ErrorReportValve.java:103)
	at org.apache.catalina.valves.AccessLogValve.invoke(AccessLogValve.java:956)
	at org.apache.catalina.core.StandardEngineValve.invoke(StandardEngineValve.java:116)
	at org.apache.catalina.connector.CoyoteAdapter.service(CoyoteAdapter.java:423)
	at org.apache.coyote.http11.AbstractHttp11Processor.process(AbstractHttp11Processor.java:1079)
	at org.apache.coyote.AbstractProtocol$AbstractConnectionHandler.process(AbstractProtocol.java:625)
	at org.apache.tomcat.util.net.JIoEndpoint$SocketProcessor.run(JIoEndpoint.java:316)
	at java.util.concurrent.ThreadPoolExecutor.runWorker(ThreadPoolExecutor.java:1142)
	at java.util.concurrent.ThreadPoolExecutor$Worker.run(ThreadPoolExecutor.java:617)
	at org.apache.tomcat.util.threads.TaskThread$WrappingRunnable.run(TaskThread.java:61)
	at java.lang.Thread.run(Thread.java:745)

ene 21, 2016 1:42:25 PM org.apache.catalina.core.StandardWrapperValve invoke
GRAVE: Servlet.service() para servlet Servlet lanzó excepción
java.io.UnsupportedEncodingException: La codificación de carácter [utfs8] no está soportada
	at org.apache.tomcat.util.buf.B2CConverter.getCharsetLower(B2CConverter.java:91)
	at org.apache.tomcat.util.buf.B2CConverter.getCharset(B2CConverter.java:78)
	at org.apache.tomcat.util.buf.C2BConverter.<init>(C2BConverter.java:41)
	at org.apache.catalina.connector.OutputBuffer.setConverter(OutputBuffer.java:616)
	at org.apache.catalina.connector.OutputBuffer.checkConverter(OutputBuffer.java:578)
	at org.apache.catalina.connector.Response.getWriter(Response.java:700)
	at org.apache.catalina.connector.ResponseFacade.getWriter(ResponseFacade.java:213)
	at Sumadora.Servlet.procesarPeticion(Servlet.java:43)
	at Sumadora.Servlet.doGet(Servlet.java:26)
	at javax.servlet.http.HttpServlet.service(HttpServlet.java:624)
	at javax.servlet.http.HttpServlet.service(HttpServlet.java:731)
	at org.apache.catalina.core.ApplicationFilterChain.internalDoFilter(ApplicationFilterChain.java:303)
	at org.apache.catalina.core.ApplicationFilterChain.doFilter(ApplicationFilterChain.java:208)
	at org.apache.tomcat.websocket.server.WsFilter.doFilter(WsFilter.java:52)
	at org.apache.catalina.core.ApplicationFilterChain.internalDoFilter(ApplicationFilterChain.java:241)
	at org.apache.catalina.core.ApplicationFilterChain.doFilter(ApplicationFilterChain.java:208)
	at org.apache.catalina.core.StandardWrapperValve.invoke(StandardWrapperValve.java:220)
	at org.apache.catalina.core.StandardContextValve.invoke(StandardContextValve.java:122)
	at org.apache.catalina.authenticator.AuthenticatorBase.invoke(AuthenticatorBase.java:505)
	at org.apache.catalina.core.StandardHostValve.invoke(StandardHostValve.java:169)
	at org.apache.catalina.valves.ErrorReportValve.invoke(ErrorReportValve.java:103)
	at org.apache.catalina.valves.AccessLogValve.invoke(AccessLogValve.java:956)
	at org.apache.catalina.core.StandardEngineValve.invoke(StandardEngineValve.java:116)
	at org.apache.catalina.connector.CoyoteAdapter.service(CoyoteAdapter.java:423)
	at org.apache.coyote.http11.AbstractHttp11Processor.process(AbstractHttp11Processor.java:1079)
	at org.apache.coyote.AbstractProtocol$AbstractConnectionHandler.process(AbstractProtocol.java:625)
	at org.apache.tomcat.util.net.JIoEndpoint$SocketProcessor.run(JIoEndpoint.java:316)
	at java.util.concurrent.ThreadPoolExecutor.runWorker(ThreadPoolExecutor.java:1142)
	at java.util.concurrent.ThreadPoolExecutor$Worker.run(ThreadPoolExecutor.java:617)
	at org.apache.tomcat.util.threads.TaskThread$WrappingRunnable.run(TaskThread.java:61)
	at java.lang.Thread.run(Thread.java:745)

ene 21, 2016 1:42:26 PM org.apache.catalina.core.StandardWrapperValve invoke
GRAVE: Servlet.service() para servlet Servlet lanzó excepción
java.io.UnsupportedEncodingException: La codificación de carácter [utfs8] no está soportada
	at org.apache.tomcat.util.buf.B2CConverter.getCharsetLower(B2CConverter.java:91)
	at org.apache.tomcat.util.buf.B2CConverter.getCharset(B2CConverter.java:78)
	at org.apache.tomcat.util.buf.C2BConverter.<init>(C2BConverter.java:41)
	at org.apache.catalina.connector.OutputBuffer.setConverter(OutputBuffer.java:616)
	at org.apache.catalina.connector.OutputBuffer.checkConverter(OutputBuffer.java:578)
	at org.apache.catalina.connector.Response.getWriter(Response.java:700)
	at org.apache.catalina.connector.ResponseFacade.getWriter(ResponseFacade.java:213)
	at Sumadora.Servlet.procesarPeticion(Servlet.java:43)
	at Sumadora.Servlet.doGet(Servlet.java:26)
	at javax.servlet.http.HttpServlet.service(HttpServlet.java:624)
	at javax.servlet.http.HttpServlet.service(HttpServlet.java:731)
	at org.apache.catalina.core.ApplicationFilterChain.internalDoFilter(ApplicationFilterChain.java:303)
	at org.apache.catalina.core.ApplicationFilterChain.doFilter(ApplicationFilterChain.java:208)
	at org.apache.tomcat.websocket.server.WsFilter.doFilter(WsFilter.java:52)
	at org.apache.catalina.core.ApplicationFilterChain.internalDoFilter(ApplicationFilterChain.java:241)
	at org.apache.catalina.core.ApplicationFilterChain.doFilter(ApplicationFilterChain.java:208)
	at org.apache.catalina.core.StandardWrapperValve.invoke(StandardWrapperValve.java:220)
	at org.apache.catalina.core.StandardContextValve.invoke(StandardContextValve.java:122)
	at org.apache.catalina.authenticator.AuthenticatorBase.invoke(AuthenticatorBase.java:505)
	at org.apache.catalina.core.StandardHostValve.invoke(StandardHostValve.java:169)
	at org.apache.catalina.valves.ErrorReportValve.invoke(ErrorReportValve.java:103)
	at org.apache.catalina.valves.AccessLogValve.invoke(AccessLogValve.java:956)
	at org.apache.catalina.core.StandardEngineValve.invoke(StandardEngineValve.java:116)
	at org.apache.catalina.connector.CoyoteAdapter.service(CoyoteAdapter.java:423)
	at org.apache.coyote.http11.AbstractHttp11Processor.process(AbstractHttp11Processor.java:1079)
	at org.apache.coyote.AbstractProtocol$AbstractConnectionHandler.process(AbstractProtocol.java:625)
	at org.apache.tomcat.util.net.JIoEndpoint$SocketProcessor.run(JIoEndpoint.java:316)
	at java.util.concurrent.ThreadPoolExecutor.runWorker(ThreadPoolExecutor.java:1142)
	at java.util.concurrent.ThreadPoolExecutor$Worker.run(ThreadPoolExecutor.java:617)
	at org.apache.tomcat.util.threads.TaskThread$WrappingRunnable.run(TaskThread.java:61)
	at java.lang.Thread.run(Thread.java:745)

ene 21, 2016 1:44:37 PM org.apache.catalina.core.StandardWrapperValve invoke
GRAVE: Servlet.service() para servlet Servlet lanzó excepción
java.io.UnsupportedEncodingException: La codificación de carácter [utfs8] no está soportada
	at org.apache.tomcat.util.buf.B2CConverter.getCharsetLower(B2CConverter.java:91)
	at org.apache.tomcat.util.buf.B2CConverter.getCharset(B2CConverter.java:78)
	at org.apache.tomcat.util.buf.C2BConverter.<init>(C2BConverter.java:41)
	at org.apache.catalina.connector.OutputBuffer.setConverter(OutputBuffer.java:616)
	at org.apache.catalina.connector.OutputBuffer.checkConverter(OutputBuffer.java:578)
	at org.apache.catalina.connector.Response.getWriter(Response.java:700)
	at org.apache.catalina.connector.ResponseFacade.getWriter(ResponseFacade.java:213)
	at Sumadora.Servlet.procesarPeticion(Servlet.java:43)
	at Sumadora.Servlet.doPost(Servlet.java:32)
	at javax.servlet.http.HttpServlet.service(HttpServlet.java:650)
	at javax.servlet.http.HttpServlet.service(HttpServlet.java:731)
	at org.apache.catalina.core.ApplicationFilterChain.internalDoFilter(ApplicationFilterChain.java:303)
	at org.apache.catalina.core.ApplicationFilterChain.doFilter(ApplicationFilterChain.java:208)
	at org.apache.tomcat.websocket.server.WsFilter.doFilter(WsFilter.java:52)
	at org.apache.catalina.core.ApplicationFilterChain.internalDoFilter(ApplicationFilterChain.java:241)
	at org.apache.catalina.core.ApplicationFilterChain.doFilter(ApplicationFilterChain.java:208)
	at org.apache.catalina.core.StandardWrapperValve.invoke(StandardWrapperValve.java:220)
	at org.apache.catalina.core.StandardContextValve.invoke(StandardContextValve.java:122)
	at org.apache.catalina.authenticator.AuthenticatorBase.invoke(AuthenticatorBase.java:505)
	at org.apache.catalina.core.StandardHostValve.invoke(StandardHostValve.java:169)
	at org.apache.catalina.valves.ErrorReportValve.invoke(ErrorReportValve.java:103)
	at org.apache.catalina.valves.AccessLogValve.invoke(AccessLogValve.java:956)
	at org.apache.catalina.core.StandardEngineValve.invoke(StandardEngineValve.java:116)
	at org.apache.catalina.connector.CoyoteAdapter.service(CoyoteAdapter.java:423)
	at org.apache.coyote.http11.AbstractHttp11Processor.process(AbstractHttp11Processor.java:1079)
	at org.apache.coyote.AbstractProtocol$AbstractConnectionHandler.process(AbstractProtocol.java:625)
	at org.apache.tomcat.util.net.JIoEndpoint$SocketProcessor.run(JIoEndpoint.java:318)
	at java.util.concurrent.ThreadPoolExecutor.runWorker(ThreadPoolExecutor.java:1142)
	at java.util.concurrent.ThreadPoolExecutor$Worker.run(ThreadPoolExecutor.java:617)
	at org.apache.tomcat.util.threads.TaskThread$WrappingRunnable.run(TaskThread.java:61)
	at java.lang.Thread.run(Thread.java:745)

ene 21, 2016 2:49:38 PM org.apache.catalina.core.ApplicationContext log
INFORMACIÓN: SessionListener: contextDestroyed()
ene 21, 2016 2:49:38 PM org.apache.catalina.core.ApplicationContext log
INFORMACIÓN: ContextListener: contextDestroyed()
